<?xml version="1.0" encoding="UTF-8"?>
<!-- Generated by org.testng.reporters.JUnitReportReporter -->
<testsuite hostname="Abhijits-MacBook-Pro.local" failures="0" tests="1" name="tests.LoginPageTest" time="19.003" errors="0" timestamp="2023-04-17T14:12:07 IST" skipped="0">
  <testcase classname="tests.LoginPageTest" name="loginSuccessTest" time="19.003"/>
  <system-out/>
</testsuite> <!-- tests.LoginPageTest -->
